Determining if the pthread_create exist failed with the following output:
Change Dir: /net/cremi/edelar001/git/tm2dhashi/sdl2-demo/build/CMakeFiles/CMakeTmp

Run Build Command:"/usr/bin/make" "cmTC_6631f/fast"
/usr/bin/make -f CMakeFiles/cmTC_6631f.dir/build.make CMakeFiles/cmTC_6631f.dir/build
make[1] : on entre dans le répertoire « /autofs/netapp/account/cremi/edelar001/git/tm2dhashi/sdl2-demo/build/CMakeFiles/CMakeTmp »
Building C object CMakeFiles/cmTC_6631f.dir/CheckSymbolExists.c.o
/usr/bin/cc    -std=c99 -g -Wall    -o CMakeFiles/cmTC_6631f.dir/CheckSymbolExists.c.o   -c /net/cremi/edelar001/git/tm2dhashi/sdl2-demo/build/CMakeFiles/CMakeTmp/CheckSymbolExists.c
Linking C executable cmTC_6631f
/usr/bin/cmake -E cmake_link_script CMakeFiles/cmTC_6631f.dir/link.txt --verbose=1
/usr/bin/cc  -std=c99 -g -Wall     CMakeFiles/cmTC_6631f.dir/CheckSymbolExists.c.o  -o cmTC_6631f -rdynamic 
CMakeFiles/cmTC_6631f.dir/CheckSymbolExists.c.o : Dans la fonction « main » :
/net/cremi/edelar001/git/tm2dhashi/sdl2-demo/build/CMakeFiles/CMakeTmp/CheckSymbolExists.c:8 : référence indéfinie vers « pthread_create »
collect2: error: ld returned 1 exit status
CMakeFiles/cmTC_6631f.dir/build.make:97 : la recette pour la cible « cmTC_6631f » a échouée
make[1]: *** [cmTC_6631f] Erreur 1
make[1] : on quitte le répertoire « /autofs/netapp/account/cremi/edelar001/git/tm2dhashi/sdl2-demo/build/CMakeFiles/CMakeTmp »
Makefile:126 : la recette pour la cible « cmTC_6631f/fast » a échouée
make: *** [cmTC_6631f/fast] Erreur 2

File /net/cremi/edelar001/git/tm2dhashi/sdl2-demo/build/CMakeFiles/CMakeTmp/CheckSymbolExists.c:
/* */
#include <pthread.h>

int main(int argc, char** argv)
{
  (void)argv;
#ifndef pthread_create
  return ((int*)(&pthread_create))[argc];
#else
  (void)argc;
  return 0;
#endif
}

Determining if the function pthread_create exists in the pthreads failed with the following output:
Change Dir: /net/cremi/edelar001/git/tm2dhashi/sdl2-demo/build/CMakeFiles/CMakeTmp

Run Build Command:"/usr/bin/make" "cmTC_261b0/fast"
/usr/bin/make -f CMakeFiles/cmTC_261b0.dir/build.make CMakeFiles/cmTC_261b0.dir/build
make[1] : on entre dans le répertoire « /autofs/netapp/account/cremi/edelar001/git/tm2dhashi/sdl2-demo/build/CMakeFiles/CMakeTmp »
Building C object CMakeFiles/cmTC_261b0.dir/CheckFunctionExists.c.o
/usr/bin/cc    -std=c99 -g -Wall -DCHECK_FUNCTION_EXISTS=pthread_create   -o CMakeFiles/cmTC_261b0.dir/CheckFunctionExists.c.o   -c /usr/share/cmake-3.7/Modules/CheckFunctionExists.c
Linking C executable cmTC_261b0
/usr/bin/cmake -E cmake_link_script CMakeFiles/cmTC_261b0.dir/link.txt --verbose=1
/usr/bin/cc  -std=c99 -g -Wall -DCHECK_FUNCTION_EXISTS=pthread_create    CMakeFiles/cmTC_261b0.dir/CheckFunctionExists.c.o  -o cmTC_261b0 -rdynamic -lpthreads 
/usr/bin/ld : ne peut trouver -lpthreads
collect2: error: ld returned 1 exit status
CMakeFiles/cmTC_261b0.dir/build.make:97 : la recette pour la cible « cmTC_261b0 » a échouée
make[1]: *** [cmTC_261b0] Erreur 1
make[1] : on quitte le répertoire « /autofs/netapp/account/cremi/edelar001/git/tm2dhashi/sdl2-demo/build/CMakeFiles/CMakeTmp »
Makefile:126 : la recette pour la cible « cmTC_261b0/fast » a échouée
make: *** [cmTC_261b0/fast] Erreur 2


