This file contains any messages produced by compilers while
running configure, to aid debugging if configure makes a mistake.

It was created by configure, which was
generated by GNU Autoconf 2.69.  Invocation command line was

  $ ./configure 

## --------- ##
## Platform. ##
## --------- ##

hostname = emmanoe-OMEN-by-HP-Laptop
uname -m = x86_64
uname -r = 4.4.0-66-generic
uname -s = Linux
uname -v = #87-Ubuntu SMP Fri Mar 3 15:29:05 UTC 2017

/usr/bin/uname -p = unknown
/bin/uname -X     = unknown

/bin/arch              = unknown
/usr/bin/arch -k       = unknown
/usr/convex/getsysinfo = unknown
/usr/bin/hostinfo      = unknown
/bin/machine           = unknown
/usr/bin/oslevel       = unknown
/bin/universe          = unknown

PATH: /home/emmanoe/.opam/system/bin
PATH: /home/emmanoe/bin
PATH: /home/emmanoe/.local/bin
PATH: /usr/local/sbin
PATH: /usr/local/bin
PATH: /usr/sbin
PATH: /usr/bin
PATH: /sbin
PATH: /bin
PATH: /usr/games
PATH: /usr/local/games


## ----------- ##
## Core tests. ##
## ----------- ##

configure:2559: checking build system type
configure:2573: result: x86_64-unknown-linux-gnu
configure:2593: checking host system type
configure:2606: result: x86_64-unknown-linux-gnu
configure:2677: checking for gcc
configure:2693: found /usr/bin/gcc
configure:2704: result: gcc
configure:2933: checking for C compiler version
configure:2942: gcc --version >&5
gcc (Ubuntu 5.4.0-6ubuntu1~16.04.4) 5.4.0 20160609
Copyright (C) 2015 Free Software Foundation, Inc.
This is free software; see the source for copying conditions.  There is NO
warranty; not even for MERCHANTABILITY or FITNESS FOR A PARTICULAR PURPOSE.

configure:2953: $? = 0
configure:2942: gcc -v >&5
Using built-in specs.
COLLECT_GCC=gcc
COLLECT_LTO_WRAPPER=/usr/lib/gcc/x86_64-linux-gnu/5/lto-wrapper
Target: x86_64-linux-gnu
Configured with: ../src/configure -v --with-pkgversion='Ubuntu 5.4.0-6ubuntu1~16.04.4' --with-bugurl=file:///usr/share/doc/gcc-5/README.Bugs --enable-languages=c,ada,c++,java,go,d,fortran,objc,obj-c++ --prefix=/usr --program-suffix=-5 --enable-shared --enable-linker-build-id --libexecdir=/usr/lib --without-included-gettext --enable-threads=posix --libdir=/usr/lib --enable-nls --with-sysroot=/ --enable-clocale=gnu --enable-libstdcxx-debug --enable-libstdcxx-time=yes --with-default-libstdcxx-abi=new --enable-gnu-unique-object --disable-vtable-verify --enable-libmpx --enable-plugin --with-system-zlib --disable-browser-plugin --enable-java-awt=gtk --enable-gtk-cairo --with-java-home=/usr/lib/jvm/java-1.5.0-gcj-5-amd64/jre --enable-java-home --with-jvm-root-dir=/usr/lib/jvm/java-1.5.0-gcj-5-amd64 --with-jvm-jar-dir=/usr/lib/jvm-exports/java-1.5.0-gcj-5-amd64 --with-arch-directory=amd64 --with-ecj-jar=/usr/share/java/eclipse-ecj.jar --enable-objc-gc --enable-multiarch --disable-werror --with-arch-32=i686 --with-abi=m64 --with-multilib-list=m32,m64,mx32 --enable-multilib --with-tune=generic --enable-checking=release --build=x86_64-linux-gnu --host=x86_64-linux-gnu --target=x86_64-linux-gnu
Thread model: posix
gcc version 5.4.0 20160609 (Ubuntu 5.4.0-6ubuntu1~16.04.4) 
configure:2953: $? = 0
configure:2942: gcc -V >&5
gcc: error: unrecognized command line option '-V'
gcc: fatal error: no input files
compilation terminated.
configure:2953: $? = 1
configure:2942: gcc -qversion >&5
gcc: error: unrecognized command line option '-qversion'
gcc: fatal error: no input files
compilation terminated.
configure:2953: $? = 1
configure:2973: checking whether the C compiler works
configure:2995: gcc    conftest.c  >&5
configure:2999: $? = 0
configure:3047: result: yes
configure:3050: checking for C compiler default output file name
configure:3052: result: a.out
configure:3058: checking for suffix of executables
configure:3065: gcc -o conftest    conftest.c  >&5
configure:3069: $? = 0
configure:3091: result: 
configure:3113: checking whether we are cross compiling
configure:3121: gcc -o conftest    conftest.c  >&5
configure:3125: $? = 0
configure:3132: ./conftest
configure:3136: $? = 0
configure:3151: result: no
configure:3156: checking for suffix of object files
configure:3178: gcc -c   conftest.c >&5
configure:3182: $? = 0
configure:3203: result: o
configure:3207: checking whether we are using the GNU C compiler
configure:3226: gcc -c   conftest.c >&5
configure:3226: $? = 0
configure:3235: result: yes
configure:3244: checking whether gcc accepts -g
configure:3264: gcc -c -g  conftest.c >&5
configure:3264: $? = 0
configure:3305: result: yes
configure:3322: checking for gcc option to accept ISO C89
configure:3385: gcc  -c -g -O2  conftest.c >&5
configure:3385: $? = 0
configure:3398: result: none needed
configure:3423: checking whether gcc understands -c and -o together
configure:3445: gcc -c conftest.c -o conftest2.o
configure:3448: $? = 0
configure:3445: gcc -c conftest.c -o conftest2.o
configure:3448: $? = 0
configure:3460: result: yes
configure:3477: checking for a sed that does not truncate output
configure:3541: result: /bin/sed
configure:3559: checking for grep that handles long lines and -e
configure:3617: result: /bin/grep
configure:3622: checking for egrep
configure:3684: result: /bin/grep -E
configure:3689: checking for fgrep
configure:3751: result: /bin/grep -F
configure:3786: checking for ld used by gcc
configure:3853: result: /usr/bin/ld
configure:3860: checking if the linker (/usr/bin/ld) is GNU ld
configure:3875: result: yes
configure:3887: checking for BSD- or MS-compatible name lister (nm)
configure:3936: result: /usr/bin/nm -B
configure:4054: checking the name lister (/usr/bin/nm -B) interface
configure:4061: gcc -c -g -O2  conftest.c >&5
configure:4064: /usr/bin/nm -B "conftest.o"
configure:4067: output
0000000000000000 B some_variable
configure:4074: result: BSD nm
configure:4077: checking whether ln -s works
configure:4081: result: yes
configure:4089: checking the maximum length of command line arguments
configure:4215: result: 1572864
configure:4232: checking whether the shell understands some XSI constructs
configure:4242: result: yes
configure:4246: checking whether the shell understands "+="
configure:4252: result: yes
configure:4287: checking for /usr/bin/ld option to reload object files
configure:4294: result: -r
configure:4363: checking for objdump
configure:4379: found /usr/bin/objdump
configure:4390: result: objdump
configure:4419: checking how to recognize dependent libraries
configure:4617: result: pass_all
configure:4677: checking for ar
configure:4693: found /usr/bin/ar
configure:4704: result: ar
configure:4782: checking for strip
configure:4798: found /usr/bin/strip
configure:4809: result: strip
configure:4881: checking for ranlib
configure:4897: found /usr/bin/ranlib
configure:4908: result: ranlib
configure:4998: checking command to parse /usr/bin/nm -B output from gcc object
configure:5116: gcc -c -g -O2  conftest.c >&5
configure:5119: $? = 0
configure:5123: /usr/bin/nm -B conftest.o \| sed -n -e 's/^.*[	 ]\([ABCDGIRSTW][ABCDGIRSTW]*\)[	 ][	 ]*\([_A-Za-z][_A-Za-z0-9]*\)$/\1 \2 \2/p' \> conftest.nm
configure:5126: $? = 0
configure:5180: gcc -o conftest -g -O2   conftest.c conftstm.o >&5
configure:5183: $? = 0
configure:5221: result: ok
configure:5317: gcc -c -g -O2  conftest.c >&5
configure:5320: $? = 0
configure:6030: checking how to run the C preprocessor
configure:6061: gcc -E  conftest.c
configure:6061: $? = 0
configure:6075: gcc -E  conftest.c
conftest.c:9:28: fatal error: ac_nonexistent.h: No such file or directory
compilation terminated.
configure:6075: $? = 1
configure: failed program was:
| /* confdefs.h */
| #define PACKAGE_NAME ""
| #define PACKAGE_TARNAME ""
| #define PACKAGE_VERSION ""
| #define PACKAGE_STRING ""
| #define PACKAGE_BUGREPORT ""
| #define PACKAGE_URL ""
| /* end confdefs.h.  */
| #include <ac_nonexistent.h>
configure:6100: result: gcc -E
configure:6120: gcc -E  conftest.c
configure:6120: $? = 0
configure:6134: gcc -E  conftest.c
conftest.c:9:28: fatal error: ac_nonexistent.h: No such file or directory
compilation terminated.
configure:6134: $? = 1
configure: failed program was:
| /* confdefs.h */
| #define PACKAGE_NAME ""
| #define PACKAGE_TARNAME ""
| #define PACKAGE_VERSION ""
| #define PACKAGE_STRING ""
| #define PACKAGE_BUGREPORT ""
| #define PACKAGE_URL ""
| /* end confdefs.h.  */
| #include <ac_nonexistent.h>
configure:6163: checking for ANSI C header files
configure:6183: gcc -c -g -O2  conftest.c >&5
configure:6183: $? = 0
configure:6256: gcc -o conftest -g -O2   conftest.c  >&5
configure:6256: $? = 0
configure:6256: ./conftest
configure:6256: $? = 0
configure:6267: result: yes
configure:6280: checking for sys/types.h
configure:6280: gcc -c -g -O2  conftest.c >&5
configure:6280: $? = 0
configure:6280: result: yes
configure:6280: checking for sys/stat.h
configure:6280: gcc -c -g -O2  conftest.c >&5
configure:6280: $? = 0
configure:6280: result: yes
configure:6280: checking for stdlib.h
configure:6280: gcc -c -g -O2  conftest.c >&5
configure:6280: $? = 0
configure:6280: result: yes
configure:6280: checking for string.h
configure:6280: gcc -c -g -O2  conftest.c >&5
configure:6280: $? = 0
configure:6280: result: yes
configure:6280: checking for memory.h
configure:6280: gcc -c -g -O2  conftest.c >&5
configure:6280: $? = 0
configure:6280: result: yes
configure:6280: checking for strings.h
configure:6280: gcc -c -g -O2  conftest.c >&5
configure:6280: $? = 0
configure:6280: result: yes
configure:6280: checking for inttypes.h
configure:6280: gcc -c -g -O2  conftest.c >&5
configure:6280: $? = 0
configure:6280: result: yes
configure:6280: checking for stdint.h
configure:6280: gcc -c -g -O2  conftest.c >&5
configure:6280: $? = 0
configure:6280: result: yes
configure:6280: checking for unistd.h
configure:6280: gcc -c -g -O2  conftest.c >&5
configure:6280: $? = 0
configure:6280: result: yes
configure:6294: checking for dlfcn.h
configure:6294: gcc -c -g -O2  conftest.c >&5
configure:6294: $? = 0
configure:6294: result: yes
configure:6776: checking for objdir
configure:6791: result: .libs
configure:7087: checking if gcc supports -fno-rtti -fno-exceptions
configure:7105: gcc -c -g -O2  -fno-rtti -fno-exceptions conftest.c >&5
cc1: warning: command line option '-fno-rtti' is valid for C++/ObjC++ but not for C
configure:7109: $? = 0
configure:7122: result: no
configure:7142: checking for gcc option to produce PIC
configure:7414: result: -fPIC -DPIC
configure:7426: checking if gcc PIC flag -fPIC -DPIC works
configure:7444: gcc -c -g -O2  -fPIC -DPIC -DPIC conftest.c >&5
configure:7448: $? = 0
configure:7461: result: yes
configure:7485: checking if gcc static flag -static works
configure:7513: result: yes
configure:7528: checking if gcc supports -c -o file.o
configure:7549: gcc -c -g -O2  -o out/conftest2.o conftest.c >&5
configure:7553: $? = 0
configure:7575: result: yes
configure:7583: checking if gcc supports -c -o file.o
configure:7630: result: yes
configure:7663: checking whether the gcc linker (/usr/bin/ld -m elf_x86_64) supports shared libraries
configure:8649: result: yes
configure:8686: checking whether -lc should be explicitly linked in
configure:8691: gcc -c -g -O2  conftest.c >&5
configure:8694: $? = 0
configure:8709: gcc -shared conftest.o  -v -Wl,-soname -Wl,conftest -o conftest 2\>\&1 \| /bin/grep  -lc  \>/dev/null 2\>\&1
configure:8712: $? = 0
configure:8724: result: no
configure:8888: checking dynamic linker characteristics
configure:9323: gcc -o conftest -g -O2   -Wl,-rpath -Wl,/foo conftest.c  >&5
configure:9323: $? = 0
configure:9541: result: GNU/Linux ld.so
configure:9643: checking how to hardcode library paths into programs
configure:9668: result: immediate
configure:10188: checking whether stripping libraries is possible
configure:10193: result: yes
configure:10228: checking if libtool supports shared libraries
configure:10230: result: yes
configure:10233: checking whether to build shared libraries
configure:10254: result: yes
configure:10257: checking whether to build static libraries
configure:10261: result: yes
configure:10325: checking for a BSD-compatible install
configure:10393: result: /usr/bin/install -c
configure:10404: checking whether build environment is sane
configure:10459: result: yes
configure:10607: checking for a thread-safe mkdir -p
configure:10646: result: /bin/mkdir -p
configure:10653: checking for gawk
configure:10669: found /usr/bin/gawk
configure:10680: result: gawk
configure:10691: checking whether make sets $(MAKE)
configure:10713: result: yes
configure:10743: checking for style of include used by make
configure:10771: result: GNU
configure:10805: checking whether make supports nested variables
configure:10822: result: yes
configure:10908: checking dependency style of gcc
configure:11019: result: gcc3
configure:11127: checking for gcc
configure:11154: result: gcc
configure:11383: checking for C compiler version
configure:11392: gcc --version >&5
gcc (Ubuntu 5.4.0-6ubuntu1~16.04.4) 5.4.0 20160609
Copyright (C) 2015 Free Software Foundation, Inc.
This is free software; see the source for copying conditions.  There is NO
warranty; not even for MERCHANTABILITY or FITNESS FOR A PARTICULAR PURPOSE.

configure:11403: $? = 0
configure:11392: gcc -v >&5
Using built-in specs.
COLLECT_GCC=gcc
COLLECT_LTO_WRAPPER=/usr/lib/gcc/x86_64-linux-gnu/5/lto-wrapper
Target: x86_64-linux-gnu
Configured with: ../src/configure -v --with-pkgversion='Ubuntu 5.4.0-6ubuntu1~16.04.4' --with-bugurl=file:///usr/share/doc/gcc-5/README.Bugs --enable-languages=c,ada,c++,java,go,d,fortran,objc,obj-c++ --prefix=/usr --program-suffix=-5 --enable-shared --enable-linker-build-id --libexecdir=/usr/lib --without-included-gettext --enable-threads=posix --libdir=/usr/lib --enable-nls --with-sysroot=/ --enable-clocale=gnu --enable-libstdcxx-debug --enable-libstdcxx-time=yes --with-default-libstdcxx-abi=new --enable-gnu-unique-object --disable-vtable-verify --enable-libmpx --enable-plugin --with-system-zlib --disable-browser-plugin --enable-java-awt=gtk --enable-gtk-cairo --with-java-home=/usr/lib/jvm/java-1.5.0-gcj-5-amd64/jre --enable-java-home --with-jvm-root-dir=/usr/lib/jvm/java-1.5.0-gcj-5-amd64 --with-jvm-jar-dir=/usr/lib/jvm-exports/java-1.5.0-gcj-5-amd64 --with-arch-directory=amd64 --with-ecj-jar=/usr/share/java/eclipse-ecj.jar --enable-objc-gc --enable-multiarch --disable-werror --with-arch-32=i686 --with-abi=m64 --with-multilib-list=m32,m64,mx32 --enable-multilib --with-tune=generic --enable-checking=release --build=x86_64-linux-gnu --host=x86_64-linux-gnu --target=x86_64-linux-gnu
Thread model: posix
gcc version 5.4.0 20160609 (Ubuntu 5.4.0-6ubuntu1~16.04.4) 
configure:11403: $? = 0
configure:11392: gcc -V >&5
gcc: error: unrecognized command line option '-V'
gcc: fatal error: no input files
compilation terminated.
configure:11403: $? = 1
configure:11392: gcc -qversion >&5
gcc: error: unrecognized command line option '-qversion'
gcc: fatal error: no input files
compilation terminated.
configure:11403: $? = 1
configure:11407: checking whether we are using the GNU C compiler
configure:11435: result: yes
configure:11444: checking whether gcc accepts -g
configure:11505: result: yes
configure:11522: checking for gcc option to accept ISO C89
configure:11598: result: none needed
configure:11623: checking whether gcc understands -c and -o together
configure:11660: result: yes
configure:11731: checking for gcc
configure:11747: found /usr/bin/gcc
configure:11758: result: gcc
configure:11783: checking for Objective C compiler version
configure:11792: gcc --version >&5
gcc (Ubuntu 5.4.0-6ubuntu1~16.04.4) 5.4.0 20160609
Copyright (C) 2015 Free Software Foundation, Inc.
This is free software; see the source for copying conditions.  There is NO
warranty; not even for MERCHANTABILITY or FITNESS FOR A PARTICULAR PURPOSE.

configure:11803: $? = 0
configure:11792: gcc -v >&5
Using built-in specs.
COLLECT_GCC=gcc
COLLECT_LTO_WRAPPER=/usr/lib/gcc/x86_64-linux-gnu/5/lto-wrapper
Target: x86_64-linux-gnu
Configured with: ../src/configure -v --with-pkgversion='Ubuntu 5.4.0-6ubuntu1~16.04.4' --with-bugurl=file:///usr/share/doc/gcc-5/README.Bugs --enable-languages=c,ada,c++,java,go,d,fortran,objc,obj-c++ --prefix=/usr --program-suffix=-5 --enable-shared --enable-linker-build-id --libexecdir=/usr/lib --without-included-gettext --enable-threads=posix --libdir=/usr/lib --enable-nls --with-sysroot=/ --enable-clocale=gnu --enable-libstdcxx-debug --enable-libstdcxx-time=yes --with-default-libstdcxx-abi=new --enable-gnu-unique-object --disable-vtable-verify --enable-libmpx --enable-plugin --with-system-zlib --disable-browser-plugin --enable-java-awt=gtk --enable-gtk-cairo --with-java-home=/usr/lib/jvm/java-1.5.0-gcj-5-amd64/jre --enable-java-home --with-jvm-root-dir=/usr/lib/jvm/java-1.5.0-gcj-5-amd64 --with-jvm-jar-dir=/usr/lib/jvm-exports/java-1.5.0-gcj-5-amd64 --with-arch-directory=amd64 --with-ecj-jar=/usr/share/java/eclipse-ecj.jar --enable-objc-gc --enable-multiarch --disable-werror --with-arch-32=i686 --with-abi=m64 --with-multilib-list=m32,m64,mx32 --enable-multilib --with-tune=generic --enable-checking=release --build=x86_64-linux-gnu --host=x86_64-linux-gnu --target=x86_64-linux-gnu
Thread model: posix
gcc version 5.4.0 20160609 (Ubuntu 5.4.0-6ubuntu1~16.04.4) 
configure:11803: $? = 0
configure:11792: gcc -V >&5
gcc: error: unrecognized command line option '-V'
gcc: fatal error: no input files
compilation terminated.
configure:11803: $? = 1
configure:11792: gcc -qversion >&5
gcc: error: unrecognized command line option '-qversion'
gcc: fatal error: no input files
compilation terminated.
configure:11803: $? = 1
configure:11807: checking whether we are using the GNU Objective C compiler
configure:11826: gcc -c   conftest.m >&5
gcc: error trying to exec 'cc1obj': execvp: No such file or directory
configure:11826: $? = 1
configure: failed program was:
| /* confdefs.h */
| #define PACKAGE_NAME ""
| #define PACKAGE_TARNAME ""
| #define PACKAGE_VERSION ""
| #define PACKAGE_STRING ""
| #define PACKAGE_BUGREPORT ""
| #define PACKAGE_URL ""
| #define STDC_HEADERS 1
| #define HAVE_SYS_TYPES_H 1
| #define HAVE_SYS_STAT_H 1
| #define HAVE_STDLIB_H 1
| #define HAVE_STRING_H 1
| #define HAVE_MEMORY_H 1
| #define HAVE_STRINGS_H 1
| #define HAVE_INTTYPES_H 1
| #define HAVE_STDINT_H 1
| #define HAVE_UNISTD_H 1
| #define HAVE_DLFCN_H 1
| #define LT_OBJDIR ".libs/"
| #define PACKAGE "SDL2_image"
| #define VERSION "2.0.1"
| /* end confdefs.h.  */
| 
| int
| main ()
| {
| #ifndef __GNUC__
|        choke me
| #endif
| 
|   ;
|   return 0;
| }
configure:11835: result: no
configure:11844: checking whether gcc accepts -g
configure:11864: gcc -c -g  conftest.m >&5
gcc: error trying to exec 'cc1obj': execvp: No such file or directory
configure:11864: $? = 1
configure: failed program was:
| /* confdefs.h */
| #define PACKAGE_NAME ""
| #define PACKAGE_TARNAME ""
| #define PACKAGE_VERSION ""
| #define PACKAGE_STRING ""
| #define PACKAGE_BUGREPORT ""
| #define PACKAGE_URL ""
| #define STDC_HEADERS 1
| #define HAVE_SYS_TYPES_H 1
| #define HAVE_SYS_STAT_H 1
| #define HAVE_STDLIB_H 1
| #define HAVE_STRING_H 1
| #define HAVE_MEMORY_H 1
| #define HAVE_STRINGS_H 1
| #define HAVE_INTTYPES_H 1
| #define HAVE_STDINT_H 1
| #define HAVE_UNISTD_H 1
| #define HAVE_DLFCN_H 1
| #define LT_OBJDIR ".libs/"
| #define PACKAGE "SDL2_image"
| #define VERSION "2.0.1"
| /* end confdefs.h.  */
| 
| int
| main ()
| {
| 
|   ;
|   return 0;
| }
configure:11879: gcc -c   conftest.m >&5
gcc: error trying to exec 'cc1obj': execvp: No such file or directory
configure:11879: $? = 1
configure: failed program was:
| /* confdefs.h */
| #define PACKAGE_NAME ""
| #define PACKAGE_TARNAME ""
| #define PACKAGE_VERSION ""
| #define PACKAGE_STRING ""
| #define PACKAGE_BUGREPORT ""
| #define PACKAGE_URL ""
| #define STDC_HEADERS 1
| #define HAVE_SYS_TYPES_H 1
| #define HAVE_SYS_STAT_H 1
| #define HAVE_STDLIB_H 1
| #define HAVE_STRING_H 1
| #define HAVE_MEMORY_H 1
| #define HAVE_STRINGS_H 1
| #define HAVE_INTTYPES_H 1
| #define HAVE_STDINT_H 1
| #define HAVE_UNISTD_H 1
| #define HAVE_DLFCN_H 1
| #define LT_OBJDIR ".libs/"
| #define PACKAGE "SDL2_image"
| #define VERSION "2.0.1"
| /* end confdefs.h.  */
| 
| int
| main ()
| {
| 
|   ;
|   return 0;
| }
configure:11895: gcc -c -g  conftest.m >&5
gcc: error trying to exec 'cc1obj': execvp: No such file or directory
configure:11895: $? = 1
configure: failed program was:
| /* confdefs.h */
| #define PACKAGE_NAME ""
| #define PACKAGE_TARNAME ""
| #define PACKAGE_VERSION ""
| #define PACKAGE_STRING ""
| #define PACKAGE_BUGREPORT ""
| #define PACKAGE_URL ""
| #define STDC_HEADERS 1
| #define HAVE_SYS_TYPES_H 1
| #define HAVE_SYS_STAT_H 1
| #define HAVE_STDLIB_H 1
| #define HAVE_STRING_H 1
| #define HAVE_MEMORY_H 1
| #define HAVE_STRINGS_H 1
| #define HAVE_INTTYPES_H 1
| #define HAVE_STDINT_H 1
| #define HAVE_UNISTD_H 1
| #define HAVE_DLFCN_H 1
| #define LT_OBJDIR ".libs/"
| #define PACKAGE "SDL2_image"
| #define VERSION "2.0.1"
| /* end confdefs.h.  */
| 
| int
| main ()
| {
| 
|   ;
|   return 0;
| }
configure:11905: result: no
configure:11930: checking dependency style of gcc
configure:12039: result: gcc3
configure:12054: checking for inline
configure:12070: gcc -c -g -O2  conftest.c >&5
configure:12070: $? = 0
configure:12078: result: inline
configure:12097: checking whether make sets $(MAKE)
configure:12119: result: yes
configure:12137: checking for windres
configure:12167: result: no
configure:12137: checking for linux-gnu-windres
configure:12167: result: no
configure:12298: checking for pkg-config
configure:12316: found /usr/bin/pkg-config
configure:12328: result: /usr/bin/pkg-config
configure:12353: checking pkg-config is at least version 0.9.0
configure:12356: result: yes
configure:12394: checking for SDL
configure:12402: $PKG_CONFIG --exists --print-errors "sdl2 >= $min_sdl_version"
configure:12405: $? = 0
configure:12420: $PKG_CONFIG --exists --print-errors "sdl2 >= $min_sdl_version"
configure:12423: $? = 0
configure:12459: result: yes
configure:12830: checking for ImageIO support
configure:12832: result: 
configure:12836: checking jpeglib.h usability
configure:12836: gcc -c -g -O2 -D_REENTRANT -I/usr/local/include/SDL2  conftest.c >&5
configure:12836: $? = 0
configure:12836: result: yes
configure:12836: checking jpeglib.h presence
configure:12836: gcc -E  conftest.c
configure:12836: $? = 0
configure:12836: result: yes
configure:12836: checking for jpeglib.h
configure:12836: result: yes
configure:12842: checking for jpeg_CreateDecompress in -ljpeg
configure:12867: gcc -o conftest -g -O2 -D_REENTRANT -I/usr/local/include/SDL2   conftest.c -ljpeg   -L/usr/local/lib -Wl,-rpath,/usr/local/lib -lSDL2 >&5
configure:12867: $? = 0
configure:12876: result: yes
configure:12914: checking for LIBPNG
configure:12922: $PKG_CONFIG --exists --print-errors "libpng"
configure:12925: $? = 0
configure:12940: $PKG_CONFIG --exists --print-errors "libpng"
configure:12943: $? = 0
configure:13071: result: yes
configure:13105: checking tiffio.h usability
configure:13105: gcc -c -I/usr/include/libpng12 -g -O2 -D_REENTRANT -I/usr/local/include/SDL2  conftest.c >&5
configure:13105: $? = 0
configure:13105: result: yes
configure:13105: checking tiffio.h presence
configure:13105: gcc -E  conftest.c
configure:13105: $? = 0
configure:13105: result: yes
configure:13105: checking for tiffio.h
configure:13105: result: yes
configure:13111: checking for TIFFClientOpen in -ltiff
configure:13136: gcc -o conftest -I/usr/include/libpng12 -g -O2 -D_REENTRANT -I/usr/local/include/SDL2   conftest.c -ltiff -lz -ljpeg  -L/usr/local/lib -Wl,-rpath,/usr/local/lib -lSDL2 >&5
configure:13136: $? = 0
configure:13145: result: yes
configure:13180: checking for LIBWEBP
configure:13188: $PKG_CONFIG --exists --print-errors "libwebp"
configure:13191: $? = 0
configure:13206: $PKG_CONFIG --exists --print-errors "libwebp"
configure:13209: $? = 0
configure:13337: result: yes
configure:13620: checking that generated files are newer than configure
configure:13626: result: done
configure:13661: creating ./config.status

## ---------------------- ##
## Running config.status. ##
## ---------------------- ##

This file was extended by config.status, which was
generated by GNU Autoconf 2.69.  Invocation command line was

  CONFIG_FILES    = 
  CONFIG_HEADERS  = 
  CONFIG_LINKS    = 
  CONFIG_COMMANDS = 
  $ ./config.status 

on emmanoe-OMEN-by-HP-Laptop

config.status:1025: creating Makefile
config.status:1025: creating SDL2_image.spec
config.status:1025: creating SDL2_image.pc
config.status:1197: executing libtool commands
config.status:1197: executing depfiles commands

## ---------------- ##
## Cache variables. ##
## ---------------- ##

ac_cv_build=x86_64-unknown-linux-gnu
ac_cv_c_compiler_gnu=yes
ac_cv_c_inline=inline
ac_cv_env_CC_set=
ac_cv_env_CC_value=
ac_cv_env_CFLAGS_set=
ac_cv_env_CFLAGS_value=
ac_cv_env_CPPFLAGS_set=
ac_cv_env_CPPFLAGS_value=
ac_cv_env_CPP_set=
ac_cv_env_CPP_value=
ac_cv_env_LDFLAGS_set=
ac_cv_env_LDFLAGS_value=
ac_cv_env_LIBPNG_CFLAGS_set=
ac_cv_env_LIBPNG_CFLAGS_value=
ac_cv_env_LIBPNG_LIBS_set=
ac_cv_env_LIBPNG_LIBS_value=
ac_cv_env_LIBS_set=
ac_cv_env_LIBS_value=
ac_cv_env_LIBWEBP_CFLAGS_set=
ac_cv_env_LIBWEBP_CFLAGS_value=
ac_cv_env_LIBWEBP_LIBS_set=
ac_cv_env_LIBWEBP_LIBS_value=
ac_cv_env_OBJCFLAGS_set=
ac_cv_env_OBJCFLAGS_value=
ac_cv_env_OBJC_set=
ac_cv_env_OBJC_value=
ac_cv_env_PKG_CONFIG_set=
ac_cv_env_PKG_CONFIG_value=
ac_cv_env_SDL_CFLAGS_set=
ac_cv_env_SDL_CFLAGS_value=
ac_cv_env_SDL_LIBS_set=
ac_cv_env_SDL_LIBS_value=
ac_cv_env_build_alias_set=
ac_cv_env_build_alias_value=
ac_cv_env_host_alias_set=
ac_cv_env_host_alias_value=
ac_cv_env_target_alias_set=
ac_cv_env_target_alias_value=
ac_cv_header_dlfcn_h=yes
ac_cv_header_inttypes_h=yes
ac_cv_header_jpeglib_h=yes
ac_cv_header_memory_h=yes
ac_cv_header_stdc=yes
ac_cv_header_stdint_h=yes
ac_cv_header_stdlib_h=yes
ac_cv_header_string_h=yes
ac_cv_header_strings_h=yes
ac_cv_header_sys_stat_h=yes
ac_cv_header_sys_types_h=yes
ac_cv_header_tiffio_h=yes
ac_cv_header_unistd_h=yes
ac_cv_host=x86_64-unknown-linux-gnu
ac_cv_lib_jpeg_jpeg_CreateDecompress=yes
ac_cv_lib_tiff_TIFFClientOpen=yes
ac_cv_objc_compiler_gnu=no
ac_cv_objext=o
ac_cv_path_EGREP='/bin/grep -E'
ac_cv_path_FGREP='/bin/grep -F'
ac_cv_path_GREP=/bin/grep
ac_cv_path_SED=/bin/sed
ac_cv_path_ac_pt_PKG_CONFIG=/usr/bin/pkg-config
ac_cv_path_install='/usr/bin/install -c'
ac_cv_path_mkdir=/bin/mkdir
ac_cv_prog_AWK=gawk
ac_cv_prog_CPP='gcc -E'
ac_cv_prog_ac_ct_AR=ar
ac_cv_prog_ac_ct_CC=gcc
ac_cv_prog_ac_ct_OBJC=gcc
ac_cv_prog_ac_ct_OBJDUMP=objdump
ac_cv_prog_ac_ct_RANLIB=ranlib
ac_cv_prog_ac_ct_STRIP=strip
ac_cv_prog_cc_c89=
ac_cv_prog_cc_g=yes
ac_cv_prog_make_make_set=yes
ac_cv_prog_objc_g=no
am_cv_CC_dependencies_compiler_type=gcc3
am_cv_OBJC_dependencies_compiler_type=gcc3
am_cv_make_support_nested_variables=yes
am_cv_prog_cc_c_o=yes
lt_cv_deplibs_check_method=pass_all
lt_cv_file_magic_cmd='$MAGIC_CMD'
lt_cv_file_magic_test_file=
lt_cv_ld_reload_flag=-r
lt_cv_nm_interface='BSD nm'
lt_cv_objdir=.libs
lt_cv_path_LD=/usr/bin/ld
lt_cv_path_NM='/usr/bin/nm -B'
lt_cv_prog_compiler_c_o=yes
lt_cv_prog_compiler_pic_works=yes
lt_cv_prog_compiler_rtti_exceptions=no
lt_cv_prog_compiler_static_works=yes
lt_cv_prog_gnu_ld=yes
lt_cv_sys_global_symbol_pipe='sed -n -e '\''s/^.*[	 ]\([ABCDGIRSTW][ABCDGIRSTW]*\)[	 ][	 ]*\([_A-Za-z][_A-Za-z0-9]*\)$/\1 \2 \2/p'\'''
lt_cv_sys_global_symbol_to_c_name_address='sed -n -e '\''s/^: \([^ ]*\) $/  {\"\1\", (void *) 0},/p'\'' -e '\''s/^[ABCDGIRSTW]* \([^ ]*\) \([^ ]*\)$/  {"\2", (void *) \&\2},/p'\'''
lt_cv_sys_global_symbol_to_c_name_address_lib_prefix='sed -n -e '\''s/^: \([^ ]*\) $/  {\"\1\", (void *) 0},/p'\'' -e '\''s/^[ABCDGIRSTW]* \([^ ]*\) \(lib[^ ]*\)$/  {"\2", (void *) \&\2},/p'\'' -e '\''s/^[ABCDGIRSTW]* \([^ ]*\) \([^ ]*\)$/  {"lib\2", (void *) \&\2},/p'\'''
lt_cv_sys_global_symbol_to_cdecl='sed -n -e '\''s/^T .* \(.*\)$/extern int \1();/p'\'' -e '\''s/^[ABCDGIRSTW]* .* \(.*\)$/extern char \1;/p'\'''
lt_cv_sys_max_cmd_len=1572864
pkg_cv_LIBPNG_CFLAGS=-I/usr/include/libpng12
pkg_cv_LIBPNG_LIBS=-lpng12
pkg_cv_LIBWEBP_CFLAGS=
pkg_cv_LIBWEBP_LIBS=-lwebp
pkg_cv_SDL_CFLAGS='-D_REENTRANT -I/usr/local/include/SDL2'
pkg_cv_SDL_LIBS='-L/usr/local/lib -Wl,-rpath,/usr/local/lib -lSDL2'

## ----------------- ##
## Output variables. ##
## ----------------- ##

ACLOCAL='${SHELL} /home/emmanoe/git/tm2dhashi/sdl2-demo/SDL2_image-2.0.1/missing aclocal-1.15'
AMDEPBACKSLASH='\'
AMDEP_FALSE='#'
AMDEP_TRUE=''
AMTAR='$${TAR-tar}'
AM_BACKSLASH='\'
AM_DEFAULT_V='$(AM_DEFAULT_VERBOSITY)'
AM_DEFAULT_VERBOSITY='1'
AM_V='$(V)'
AR='ar'
AS='as'
AUTOCONF='${SHELL} /home/emmanoe/git/tm2dhashi/sdl2-demo/SDL2_image-2.0.1/missing autoconf'
AUTOHEADER='${SHELL} /home/emmanoe/git/tm2dhashi/sdl2-demo/SDL2_image-2.0.1/missing autoheader'
AUTOMAKE='${SHELL} /home/emmanoe/git/tm2dhashi/sdl2-demo/SDL2_image-2.0.1/missing automake-1.15'
AWK='gawk'
BINARY_AGE='1'
CC='gcc'
CCDEPMODE='depmode=gcc3'
CFLAGS=' -I/usr/include/libpng12 -g -O2 -D_REENTRANT -I/usr/local/include/SDL2'
CPP='gcc -E'
CPPFLAGS=''
CYGPATH_W='echo'
DEFS='-DPACKAGE_NAME=\"\" -DPACKAGE_TARNAME=\"\" -DPACKAGE_VERSION=\"\" -DPACKAGE_STRING=\"\" -DPACKAGE_BUGREPORT=\"\" -DPACKAGE_URL=\"\" -DSTDC_HEADERS=1 -DHAVE_SYS_TYPES_H=1 -DHAVE_SYS_STAT_H=1 -DHAVE_STDLIB_H=1 -DHAVE_STRING_H=1 -DHAVE_MEMORY_H=1 -DHAVE_STRINGS_H=1 -DHAVE_INTTYPES_H=1 -DHAVE_STDINT_H=1 -DHAVE_UNISTD_H=1 -DHAVE_DLFCN_H=1 -DLT_OBJDIR=\".libs/\" -DPACKAGE=\"SDL2_image\" -DVERSION=\"2.0.1\" -DLOAD_JPG=1 -DLOAD_PNG=1 -DLOAD_TIF=1 -DLOAD_WEBP=1 -DLOAD_BMP=1 -DLOAD_GIF=1 -DLOAD_LBM=1 -DLOAD_PCX=1 -DLOAD_PNM=1 -DLOAD_TGA=1 -DLOAD_XCF=1 -DLOAD_XPM=1 -DLOAD_XV=1 -DLOAD_WEBP_DYNAMIC=\"libwebp.so.5\" -DLOAD_TIF_DYNAMIC=\"libtiff.so.5\" -DLOAD_JPG_DYNAMIC=\"libjpeg.so.8\" -DLOAD_PNG_DYNAMIC=\"libpng12.so.0\"'
DEPDIR='.deps'
DLLTOOL='dlltool'
DSYMUTIL=''
DUMPBIN=''
ECHO_C=''
ECHO_N='-n'
ECHO_T=''
EGREP='/bin/grep -E'
EXEEXT=''
FGREP='/bin/grep -F'
GREP='/bin/grep'
IMG_LIBS=''
INSTALL_DATA='${INSTALL} -m 644'
INSTALL_PROGRAM='${INSTALL}'
INSTALL_SCRIPT='${INSTALL}'
INSTALL_STRIP_PROGRAM='$(install_sh) -c -s'
INTERFACE_AGE='1'
LD='/usr/bin/ld -m elf_x86_64'
LDFLAGS=''
LIBOBJS=''
LIBPNG_CFLAGS='-I/usr/include/libpng12'
LIBPNG_LIBS='-lpng12'
LIBS=' -L/usr/local/lib -Wl,-rpath,/usr/local/lib -lSDL2'
LIBTOOL='$(SHELL) $(top_builddir)/libtool'
LIBWEBP_CFLAGS=''
LIBWEBP_LIBS='-lwebp'
LIPO=''
LN_S='ln -s'
LTLIBOBJS=''
LT_AGE='0'
LT_CURRENT='0'
LT_RELEASE='2.0'
LT_REVISION='1'
MAJOR_VERSION='2'
MAKEINFO='${SHELL} /home/emmanoe/git/tm2dhashi/sdl2-demo/SDL2_image-2.0.1/missing makeinfo'
MICRO_VERSION='1'
MINOR_VERSION='0'
MKDIR_P='/bin/mkdir -p'
NM='/usr/bin/nm -B'
NMEDIT=''
OBJC='gcc'
OBJCDEPMODE='depmode=gcc3'
OBJCFLAGS=' -I/usr/include/libpng12 -g -O2 -D_REENTRANT -I/usr/local/include/SDL2'
OBJDUMP='objdump'
OBJEXT='o'
OTOOL64=''
OTOOL=''
PACKAGE='SDL2_image'
PACKAGE_BUGREPORT=''
PACKAGE_NAME=''
PACKAGE_STRING=''
PACKAGE_TARNAME=''
PACKAGE_URL=''
PACKAGE_VERSION=''
PATH_SEPARATOR=':'
PKG_CONFIG='/usr/bin/pkg-config'
RANLIB='ranlib'
SDL2_CONFIG='pkg-config sdl2'
SDL_CFLAGS='-D_REENTRANT -I/usr/local/include/SDL2'
SDL_LIBS='-L/usr/local/lib -Wl,-rpath,/usr/local/lib -lSDL2'
SDL_VERSION='2.0.0'
SED='/bin/sed'
SET_MAKE=''
SHELL='/bin/bash'
STRIP='strip'
USE_IMAGEIO_FALSE=''
USE_IMAGEIO_TRUE='#'
USE_VERSION_RC_FALSE=''
USE_VERSION_RC_TRUE='#'
VERSION='2.0.1'
WINDRES=''
ac_ct_CC='gcc'
ac_ct_DUMPBIN=''
ac_ct_OBJC='gcc'
am__EXEEXT_FALSE=''
am__EXEEXT_TRUE='#'
am__fastdepCC_FALSE='#'
am__fastdepCC_TRUE=''
am__fastdepOBJC_FALSE='#'
am__fastdepOBJC_TRUE=''
am__include='include'
am__isrc=''
am__leading_dot='.'
am__nodep='_no'
am__quote=''
am__tar='$${TAR-tar} chof - "$$tardir"'
am__untar='$${TAR-tar} xf -'
bindir='${exec_prefix}/bin'
build='x86_64-unknown-linux-gnu'
build_alias=''
build_cpu='x86_64'
build_os='linux-gnu'
build_vendor='unknown'
datadir='${datarootdir}'
datarootdir='${prefix}/share'
docdir='${datarootdir}/doc/${PACKAGE}'
dvidir='${docdir}'
exec_prefix='${prefix}'
host='x86_64-unknown-linux-gnu'
host_alias=''
host_cpu='x86_64'
host_os='linux-gnu'
host_vendor='unknown'
htmldir='${docdir}'
includedir='${prefix}/include'
infodir='${datarootdir}/info'
install_sh='${SHELL} /home/emmanoe/git/tm2dhashi/sdl2-demo/SDL2_image-2.0.1/install-sh'
libdir='${exec_prefix}/lib'
libexecdir='${exec_prefix}/libexec'
localedir='${datarootdir}/locale'
localstatedir='${prefix}/var'
lt_ECHO='echo'
mandir='${datarootdir}/man'
mkdir_p='$(MKDIR_P)'
oldincludedir='/usr/include'
pdfdir='${docdir}'
prefix='/usr/local'
program_transform_name='s,x,x,'
psdir='${docdir}'
runstatedir='${localstatedir}/run'
sbindir='${exec_prefix}/sbin'
sharedstatedir='${prefix}/com'
sysconfdir='${prefix}/etc'
target_alias=''

## ----------- ##
## confdefs.h. ##
## ----------- ##

/* confdefs.h */
#define PACKAGE_NAME ""
#define PACKAGE_TARNAME ""
#define PACKAGE_VERSION ""
#define PACKAGE_STRING ""
#define PACKAGE_BUGREPORT ""
#define PACKAGE_URL ""
#define STDC_HEADERS 1
#define HAVE_SYS_TYPES_H 1
#define HAVE_SYS_STAT_H 1
#define HAVE_STDLIB_H 1
#define HAVE_STRING_H 1
#define HAVE_MEMORY_H 1
#define HAVE_STRINGS_H 1
#define HAVE_INTTYPES_H 1
#define HAVE_STDINT_H 1
#define HAVE_UNISTD_H 1
#define HAVE_DLFCN_H 1
#define LT_OBJDIR ".libs/"
#define PACKAGE "SDL2_image"
#define VERSION "2.0.1"
#define LOAD_JPG 1
#define LOAD_PNG 1
#define LOAD_TIF 1
#define LOAD_WEBP 1
#define LOAD_BMP 1
#define LOAD_GIF 1
#define LOAD_LBM 1
#define LOAD_PCX 1
#define LOAD_PNM 1
#define LOAD_TGA 1
#define LOAD_XCF 1
#define LOAD_XPM 1
#define LOAD_XV 1
#define LOAD_WEBP_DYNAMIC "libwebp.so.5"
#define LOAD_TIF_DYNAMIC "libtiff.so.5"
#define LOAD_JPG_DYNAMIC "libjpeg.so.8"
#define LOAD_PNG_DYNAMIC "libpng12.so.0"

configure: exit 0
